2021-10-24 18:35:06 ERROR BaseLottery:98 - NumberFormatException: 
java.lang.NumberFormatException: For input string: "jj"
	at java.base/java.lang.NumberFormatException.forInputString(NumberFormatException.java:65)
	at java.base/java.lang.Integer.parseInt(Integer.java:652)
	at java.base/java.lang.Integer.valueOf(Integer.java:983)
	at com.lottery.api.BaseLottery.lambda$getListFromLine$0(BaseLottery.java:124)
	at com.lottery.api.BaseLottery$$Lambda$26/0x0000000000000000.apply(Unknown Source)
	at java.base/java.util.stream.ReferencePipeline$3$1.accept(ReferencePipeline.java:195)
	at java.base/java.util.Spliterators$ArraySpliterator.forEachRemaining(Spliterators.java:948)
	at java.base/java.util.stream.AbstractPipeline.copyInto(AbstractPipeline.java:497)
	at java.base/java.util.stream.AbstractPipeline.wrapAndCopyInto(AbstractPipeline.java:487)
	at java.base/java.util.stream.ReduceOps$ReduceOp.evaluateSequential(ReduceOps.java:913)
	at java.base/java.util.stream.AbstractPipeline.evaluate(AbstractPipeline.java:239)
	at java.base/java.util.stream.ReferencePipeline.collect(ReferencePipeline.java:578)
	at com.lottery.api.BaseLottery.getListFromLine(BaseLottery.java:124)
	at com.lottery.api.BaseLottery.checkConditions(BaseLottery.java:132)
	at com.lottery.api.BaseLottery.addUnluckyNumbers(BaseLottery.java:88)
	at com.lottery.menu.UnluckyNumbersMenu.showMenu(UnluckyNumbersMenu.java:34)
	at com.lottery.menu.GameNamesUnluckyNumbersMenu.showMenu(GameNamesUnluckyNumbersMenu.java:50)
	at com.lottery.menu.MainMenu.showMenu(MainMenu.java:42)
	at com.lottery.LotteryApplication.main(LotteryApplication.java:12)
